Enter one of the following actions or press CTRL-D to exit.

C - create a new photo item

R - read an existing photo item

U - update an existing photo item

D - delete an existing photo item

Q - quit

Enter one of the following actions or press CTRL-D to exit.

C - create a new photo item

R - read an existing photo item

U - update an existing photo item

D - delete an existing photo item

Q - quit
Photo: 101
File: samples/pic12.jpg
Date: 2 / 20 / 2021
Location: Paris
Names: Joe Montana

Enter one of the following actions or press CTRL-D to exit.

C - create a new photo item

R - read an existing photo item

U - update an existing photo item

D - delete an existing photo item

Q - quit

Enter one of the following actions or press CTRL-D to exit.

C - create a new photo item

R - read an existing photo item

U - update an existing photo item

D - delete an existing photo item

Q - quit

Enter one of the following actions or press CTRL-D to exit.

C - create a new photo item

R - read an existing photo item

U - update an existing photo item

D - delete an existing photo item

Q - quit
Photo: 102
File: samples/pic23.png
Date: 12 / 31 / 2004
Location: New York
Names: Mario, Luigi

Enter one of the following actions or press CTRL-D to exit.

C - create a new photo item

R - read an existing photo item

U - update an existing photo item

D - delete an existing photo item

Q - quit

Enter one of the following actions or press CTRL-D to exit.

C - create a new photo item

R - read an existing photo item

U - update an existing photo item

D - delete an existing photo item

Q - quit
Photo: 102
File: samples/pic23.png
Date: 1 / 3 / 1999
Location: London
Names: Thor, Hulk

Enter one of the following actions or press CTRL-D to exit.

C - create a new photo item

R - read an existing photo item

U - update an existing photo item

D - delete an existing photo item

Q - quit

Enter one of the following actions or press CTRL-D to exit.

C - create a new photo item

R - read an existing photo item

U - update an existing photo item

D - delete an existing photo item

Q - quit
Photo: 102
File: samples/pic23.png
Date: 1 / 3 / 1999
Location: London
Names: Thor, Hulk

Enter one of the following actions or press CTRL-D to exit.

C - create a new photo item

R - read an existing photo item

U - update an existing photo item

D - delete an existing photo item

Q - quit
ERROR: invalid option: 'X'
Please enter a number between 1 and 99999
Please enter a number between 1 and 99999
noway does not exist
Please enter a number between 1950 and 2050
Please enter a number between 1950 and 2050
Please enter a number between 1 and 12
Please enter a number between 1 and 12
Please enter a number between 1 and 31
Please enter a number between 1 and 31

Enter one of the following actions or press CTRL-D to exit.

C - create a new photo item

R - read an existing photo item

U - update an existing photo item

D - delete an existing photo item

Q - quit
p423.photo does not exist
pR.photo does not exist
Photo: 50
File: samples/pic12.jpg
Date: 6 / 15 / 2000
Location: Rome, Italy
Names: bob, joe

Enter one of the following actions or press CTRL-D to exit.

C - create a new photo item

R - read an existing photo item

U - update an existing photo item

D - delete an existing photo item

Q - quit
p3838.photo does not exist
pD.photo does not exist

Enter one of the following actions or press CTRL-D to exit.

C - create a new photo item

R - read an existing photo item

U - update an existing photo item

D - delete an existing photo item

Q - quit
You pressed Q
