Test 1:
      0 = 00000000 00000000 00000000 00000000
Test 2:
    512 = 00000000 00000000 00000010 00000000
 524288 = 00000000 00001000 00000000 00000000
Test 3:
    512 power of 2? 1
 524288 power of 2? 1
Test 4:
    528 = 00000000 00000000 00000010 00010000
 524304 = 00000000 00001000 00000000 00010000
    528 power of 2? 0
 524304 power of 2? 0
Test 5:
    533 = 00000000 00000000 00000010 00010101
 524313 = 00000000 00001000 00000000 00011001
      4 bits convert 533 to 524313
Test 6: XOR of all numbers 1..5
      1 = 00000000 00000000 00000000 00000001
Test 7: XOR of all numbers 1..33
      1 = 00000000 00000000 00000000 00000001
Test 8:
    122 = 00000000 00000000 00000000 01111010
     60 = 00000000 00000000 00000000 00111100
      3 bits convert 122 to 60
Test 9:
      0 power of 2? 0
Test 10:
  65535 = 00000000 00000000 11111111 11111111
